C:\VICRA\BUILD\INTERFACCIA\STIMTRACK\RELEASE\STIMTRACK.EXE
C:\VICRA\build\interfaccia\StimTrack\Release\StimTrack.exp
C:\VICRA\build\interfaccia\StimTrack\Release\StimTrack.lib
C:\VICRA\BUILD\INTERFACCIA\STIMTRACK\RELEASE\STIMTRACK.PDB
C:\VICRA\BUILD\INTERFACCIA\STIMTRACK\STIMTRACK\RELEASE\.NETFRAMEWORK,VERSION=V4.0.ASSEMBLYATTRIBUTES.OBJ
C:\VICRA\BUILD\INTERFACCIA\STIMTRACK\STIMTRACK\RELEASE\APP.RES
C:\VICRA\BUILD\INTERFACCIA\STIMTRACK\STIMTRACK\RELEASE\ASSEMBLYINFO.OBJ
C:\VICRA\build\interfaccia\StimTrack\StimTrack\Release\cl.command.1.tlog
C:\VICRA\build\interfaccia\StimTrack\StimTrack\Release\CL.read.1.tlog
C:\VICRA\build\interfaccia\StimTrack\StimTrack\Release\CL.write.1.tlog
C:\VICRA\build\interfaccia\StimTrack\StimTrack\Release\grafica.Form1.resources
C:\VICRA\build\interfaccia\StimTrack\StimTrack\Release\grafica.test.resources
C:\VICRA\build\interfaccia\StimTrack\StimTrack\Release\KERNELBASE.DLL.bi
C:\VICRA\build\interfaccia\StimTrack\StimTrack\Release\link.command.1.tlog
C:\VICRA\build\interfaccia\StimTrack\StimTrack\Release\link.read.1.tlog
C:\VICRA\build\interfaccia\StimTrack\StimTrack\Release\link.write.1.tlog
C:\VICRA\build\interfaccia\StimTrack\StimTrack\Release\link-cvtres.read.1.tlog
C:\VICRA\build\interfaccia\StimTrack\StimTrack\Release\link-cvtres.write.1.tlog
C:\VICRA\build\interfaccia\StimTrack\StimTrack\Release\metagen.read.1.tlog
C:\VICRA\BUILD\INTERFACCIA\STIMTRACK\STIMTRACK\RELEASE\METAGEN.WRITE.1.TLOG
C:\VICRA\build\interfaccia\StimTrack\StimTrack\Release\MICROSOFT.VISUALBASIC.POWERPACKS.VS.DLL.metagen
C:\VICRA\build\interfaccia\StimTrack\StimTrack\Release\mt.command.1.tlog
C:\VICRA\build\interfaccia\StimTrack\StimTrack\Release\mt.read.1.tlog
C:\VICRA\build\interfaccia\StimTrack\StimTrack\Release\mt.write.1.tlog
C:\VICRA\build\interfaccia\StimTrack\StimTrack\Release\NTDLL.DLL.bi
C:\VICRA\build\interfaccia\StimTrack\StimTrack\Release\rc.command.1.tlog
C:\VICRA\build\interfaccia\StimTrack\StimTrack\Release\rc.read.1.tlog
C:\VICRA\build\interfaccia\StimTrack\StimTrack\Release\rc.write.1.tlog
C:\VICRA\build\interfaccia\StimTrack\StimTrack\Release\RSAENH.DLL.bi
C:\VICRA\BUILD\INTERFACCIA\STIMTRACK\STIMTRACK\RELEASE\STDAFX.OBJ
C:\VICRA\BUILD\INTERFACCIA\STIMTRACK\STIMTRACK\RELEASE\STIMTRACK.EXE.INTERMEDIATE.MANIFEST
C:\VICRA\BUILD\INTERFACCIA\STIMTRACK\STIMTRACK\RELEASE\STIMTRACK.OBJ
C:\VICRA\BUILD\INTERFACCIA\STIMTRACK\STIMTRACK\RELEASE\STIMTRACK.PCH
C:\VICRA\build\interfaccia\StimTrack\StimTrack\Release\StimTrack.vcxproj.GenerateResource.Cache
C:\VICRA\build\interfaccia\StimTrack\StimTrack\Release\StimTrack.write.1.tlog
C:\VICRA\BUILD\INTERFACCIA\STIMTRACK\STIMTRACK\RELEASE\TEST.OBJ
C:\VICRA\build\interfaccia\StimTrack\StimTrack\Release\TZRES.DLL.bi
C:\VICRA\BUILD\INTERFACCIA\STIMTRACK\STIMTRACK\RELEASE\VC100.PDB
